<?xml version="1.0" encoding="UTF-8"?>
<coverage generated="1736694298327" clover="3.2.0">
  <project timestamp="1736694298328" name="All files">
    <metrics statements="22" coveredstatements="21" conditionals="5" coveredconditionals="4" methods="7" coveredmethods="7" elements="34" coveredelements="32" complexity="0" loc="22" ncloc="22" packages="2" files="3" classes="3"/>
    <package name="src">
      <metrics statements="2" coveredstatements="2" conditionals="0" coveredconditionals="0" methods="1" coveredmethods="1"/>
      <file name="mockFunction.ts" path="C:\Users\kayvo\Desktop\Improved CV\bright_hr_midlevel_task\src\mockFunction.ts">
        <metrics statements="2" coveredstatements="2" conditionals="0" coveredconditionals="0" methods="1" coveredmethods="1"/>
        <line num="1" count="1" type="stmt"/>
        <line num="2" count="1" type="stmt"/>
      </file>
    </package>
    <package name="src.utils">
      <metrics statements="20" coveredstatements="19" conditionals="5" coveredconditionals="4" methods="6" coveredmethods="6"/>
      <file name="extractNames.ts" path="C:\Users\kayvo\Desktop\Improved CV\bright_hr_midlevel_task\src\utils\extractNames.ts">
        <metrics statements="10" coveredstatements="10" conditionals="2" coveredconditionals="2" methods="3" coveredmethods="3"/>
        <line num="3" count="1" type="stmt"/>
        <line num="4" count="1" type="stmt"/>
        <line num="5" count="1" type="stmt"/>
        <line num="6" count="5" type="cond" truecount="2" falsecount="0"/>
        <line num="7" count="2" type="stmt"/>
        <line num="8" count="2" type="stmt"/>
        <line num="9" count="4" type="stmt"/>
        <line num="12" count="3" type="stmt"/>
        <line num="15" count="1" type="stmt"/>
        <line num="18" count="1" type="stmt"/>
      </file>
      <file name="filterData.ts" path="C:\Users\kayvo\Desktop\Improved CV\bright_hr_midlevel_task\src\utils\filterData.ts">
        <metrics statements="10" coveredstatements="9" conditionals="3" coveredconditionals="2" methods="3" coveredmethods="3"/>
        <line num="3" count="1" type="stmt"/>
        <line num="4" count="3" type="cond" truecount="0" falsecount="1"/>
        <line num="5" count="0" type="stmt"/>
        <line num="7" count="3" type="stmt"/>
        <line num="8" count="15" type="cond" truecount="1" falsecount="0"/>
        <line num="9" count="2" type="stmt"/>
        <line num="11" count="13" type="cond" truecount="1" falsecount="0"/>
        <line num="12" count="10" type="stmt"/>
        <line num="14" count="8" type="stmt"/>
        <line num="18" count="1" type="stmt"/>
      </file>
    </package>
  </project>
</coverage>
