{"C:\\Users\\kayvo\\Desktop\\Improved CV\\bright_hr_midlevel_task\\src\\mockFunction.ts": {"path":"C:\\Users\\kayvo\\Desktop\\Improved CV\\bright_hr_midlevel_task\\src\\mockFunction.ts","statementMap":{"0":{"start":{"line":1,"column":28},"end":{"line":3,"column":1}},"1":{"start":{"line":2,"column":4},"end":{"line":2,"column":17}},"2":{"start":{"line":1,"column":13},"end":{"line":1,"column":28}}},"fnMap":{"0":{"name":"(anonymous_0)","decl":{"start":{"line":1,"column":28},"end":{"line":1,"column":29}},"loc":{"start":{"line":1,"column":53},"end":{"line":3,"column":1}}}},"branchMap":{},"s":{"0":1,"1":1,"2":1},"f":{"0":1},"b":{}}
,"C:\\Users\\kayvo\\Desktop\\Improved CV\\bright_hr_midlevel_task\\src\\utils\\extractNames.ts": {"path":"C:\\Users\\kayvo\\Desktop\\Improved CV\\bright_hr_midlevel_task\\src\\utils\\extractNames.ts","statementMap":{"0":{"start":{"line":3,"column":21},"end":{"line":16,"column":1}},"1":{"start":{"line":4,"column":29},"end":{"line":4,"column":31}},"2":{"start":{"line":5,"column":4},"end":{"line":14,"column":null}},"3":{"start":{"line":6,"column":8},"end":{"line":13,"column":9}},"4":{"start":{"line":7,"column":12},"end":{"line":7,"column":null}},"5":{"start":{"line":8,"column":12},"end":{"line":10,"column":null}},"6":{"start":{"line":9,"column":16},"end":{"line":9,"column":null}},"7":{"start":{"line":12,"column":12},"end":{"line":12,"column":null}},"8":{"start":{"line":15,"column":4},"end":{"line":15,"column":null}},"9":{"start":{"line":18,"column":0},"end":{"line":18,"column":null}}},"fnMap":{"0":{"name":"(anonymous_0)","decl":{"start":{"line":3,"column":21},"end":{"line":3,"column":22}},"loc":{"start":{"line":3,"column":49},"end":{"line":16,"column":1}}},"1":{"name":"(anonymous_1)","decl":{"start":{"line":5,"column":17},"end":{"line":5,"column":22}},"loc":{"start":{"line":5,"column":25},"end":{"line":14,"column":5}}},"2":{"name":"(anonymous_2)","decl":{"start":{"line":8,"column":32},"end":{"line":8,"column":36}},"loc":{"start":{"line":8,"column":39},"end":{"line":10,"column":13}}}},"branchMap":{"0":{"loc":{"start":{"line":6,"column":8},"end":{"line":13,"column":9}},"type":"if","locations":[{"start":{"line":6,"column":8},"end":{"line":13,"column":9}},{"start":{"line":11,"column":15},"end":{"line":13,"column":9}}]}},"s":{"0":1,"1":1,"2":1,"3":5,"4":2,"5":2,"6":4,"7":3,"8":1,"9":1},"f":{"0":1,"1":5,"2":4},"b":{"0":[2,3]}}
,"C:\\Users\\kayvo\\Desktop\\Improved CV\\bright_hr_midlevel_task\\src\\utils\\filterData.ts": {"path":"C:\\Users\\kayvo\\Desktop\\Improved CV\\bright_hr_midlevel_task\\src\\utils\\filterData.ts","statementMap":{"0":{"start":{"line":3,"column":19},"end":{"line":16,"column":1}},"1":{"start":{"line":4,"column":4},"end":{"line":6,"column":5}},"2":{"start":{"line":5,"column":8},"end":{"line":5,"column":null}},"3":{"start":{"line":7,"column":4},"end":{"line":15,"column":null}},"4":{"start":{"line":8,"column":8},"end":{"line":10,"column":9}},"5":{"start":{"line":9,"column":12},"end":{"line":9,"column":null}},"6":{"start":{"line":11,"column":8},"end":{"line":13,"column":9}},"7":{"start":{"line":12,"column":12},"end":{"line":12,"column":null}},"8":{"start":{"line":12,"column":46},"end":{"line":12,"column":68}},"9":{"start":{"line":14,"column":8},"end":{"line":14,"column":null}},"10":{"start":{"line":18,"column":0},"end":{"line":18,"column":null}}},"fnMap":{"0":{"name":"(anonymous_0)","decl":{"start":{"line":3,"column":19},"end":{"line":3,"column":20}},"loc":{"start":{"line":3,"column":65},"end":{"line":16,"column":1}}},"1":{"name":"(anonymous_1)","decl":{"start":{"line":7,"column":24},"end":{"line":7,"column":29}},"loc":{"start":{"line":7,"column":32},"end":{"line":15,"column":5}}},"2":{"name":"(anonymous_2)","decl":{"start":{"line":12,"column":38},"end":{"line":12,"column":42}},"loc":{"start":{"line":12,"column":46},"end":{"line":12,"column":68}}}},"branchMap":{"0":{"loc":{"start":{"line":4,"column":4},"end":{"line":6,"column":5}},"type":"if","locations":[{"start":{"line":4,"column":4},"end":{"line":6,"column":5}}]},"1":{"loc":{"start":{"line":8,"column":8},"end":{"line":10,"column":9}},"type":"if","locations":[{"start":{"line":8,"column":8},"end":{"line":10,"column":9}}]},"2":{"loc":{"start":{"line":11,"column":8},"end":{"line":13,"column":9}},"type":"if","locations":[{"start":{"line":11,"column":8},"end":{"line":13,"column":9}}]}},"s":{"0":1,"1":3,"2":0,"3":3,"4":15,"5":2,"6":13,"7":5,"8":10,"9":8,"10":1},"f":{"0":3,"1":15,"2":10},"b":{"0":[0],"1":[2],"2":[5]}}
}
