{"C:\\Users\\kayvo\\Desktop\\Improved CV\\bright_hr_midlevel_task\\src\\mockFunction.ts": {"path":"C:\\Users\\kayvo\\Desktop\\Improved CV\\bright_hr_midlevel_task\\src\\mockFunction.ts","statementMap":{"0":{"start":{"line":1,"column":28},"end":{"line":3,"column":1}},"1":{"start":{"line":2,"column":4},"end":{"line":2,"column":17}},"2":{"start":{"line":1,"column":13},"end":{"line":1,"column":28}}},"fnMap":{"0":{"name":"(anonymous_0)","decl":{"start":{"line":1,"column":28},"end":{"line":1,"column":29}},"loc":{"start":{"line":1,"column":53},"end":{"line":3,"column":1}}}},"branchMap":{},"s":{"0":1,"1":1,"2":1},"f":{"0":1},"b":{}}
}
