TN:
SF:src\mockFunction.ts
FN:1,(anonymous_0)
FNF:1
FNH:1
FNDA:1,(anonymous_0)
DA:1,1
DA:2,1
LF:2
LH:2
BRF:0
BRH:0
end_of_record
TN:
SF:src\utils\extractNames.ts
FN:3,(anonymous_0)
FN:5,(anonymous_1)
FN:8,(anonymous_2)
FNF:3
FNH:3
FNDA:1,(anonymous_0)
FNDA:5,(anonymous_1)
FNDA:4,(anonymous_2)
DA:3,1
DA:4,1
DA:5,1
DA:6,5
DA:7,2
DA:8,2
DA:9,4
DA:12,3
DA:15,1
DA:18,1
LF:10
LH:10
BRDA:6,0,0,2
BRDA:6,0,1,3
BRF:2
BRH:2
end_of_record
TN:
SF:src\utils\filterData.ts
FN:3,(anonymous_0)
FN:7,(anonymous_1)
FN:12,(anonymous_2)
FNF:3
FNH:3
FNDA:3,(anonymous_0)
FNDA:15,(anonymous_1)
FNDA:10,(anonymous_2)
DA:3,1
DA:4,3
DA:5,0
DA:7,3
DA:8,15
DA:9,2
DA:11,13
DA:12,10
DA:14,8
DA:18,1
LF:10
LH:9
BRDA:4,0,0,0
BRDA:8,1,0,2
BRDA:11,2,0,5
BRF:3
BRH:2
end_of_record
